==== REQUIRE TRAP 2025-09-01 19:08:35 ====
ROOT=C:\Mach4Hobby\Profiles\BLP\Scripts
DEPS=C:\Mach4Hobby\Profiles\BLP\Scripts\Dependencies
SYS =C:\Mach4Hobby\Profiles\BLP\Scripts\System
SL  =C:\Mach4Hobby\Profiles\BLP\Scripts\System\ScreenLoad.txt
package.path:
C:\Mach4Hobby\Profiles\BLP\Scripts\Dependencies\?.lua;C:\Mach4Hobby\Profiles\BLP\Scripts\Dependencies\?.txt;C:\Mach4Hobby\lua\?.lua;C:\Mach4Hobby\lua\?\init.lua;C:\Mach4Hobby\?.lua;C:\Mach4Hobby\?\init.lua;C:\Mach4Hobby\..\share\lua\5.3\?.lua;C:\Mach4Hobby\..\share\lua\5.3\?\init.lua;.\?.lua;.\?\init.lua;C:/Mach4Hobby/ZeroBraneStudio/lualibs/mobdebug/?.lua;C:/Mach4Hobby/Profiles/BLP/Modules/?.lua;C:/Mach4Hobby/Profiles/BLP/Modules/?.luac;C:/Mach4Hobby/Profiles/BLP/Modules/?.mcs;C:/Mach4Hobby/Profiles/BLP/Modules/?.mcc;C:/Mach4Hobby/Modules/?.lua;C:/Mach4Hobby/Modules/?.luac;C:/Mach4Hobby/Modules/?.mcs;C:/Mach4Hobby/Modules/?.mcc;C:/Mach4Hobby/Pmc/?.lua;C:/Mach4Hobby/Pmc/?.luac;C:/Mach4Hobby/Profiles/BLP/Modules/mcStandard/?.lua;C:/Mach4Hobby/Modules/mcStandard/?.lua;C:/Mach4Hobby/Profiles/BLP/Modules/mcStandard/?.mcs;C:/Mach4Hobby/Modules/mcStandard/?.mcs;./Pmc/?.lua;./Pmc/?.luac
-- Loaded ScreenLoad.txt: 25062 bytes
-- Static requires found: mobdebug, mcRegister, mcErrorCheck, mcTrace
-- Built chunk function OK
-- require('SystemLib')
   require('SystemLib') -> table keys=[Await, BuildMove, CNC, CapturePosition, CheckHoming, CheckSoftLimits, Coroutine, Dialogs, Edge, Errors, Files, FormatSeconds, G68, G68Active, GenerateDiagnostics, GetLogBuffer, GetMaxTravel, InCycle, Init, IsDebugMode, ..., MDIExec, MachineEnabled, MachineState, Modals, MsgConfirm, MsgError, MsgInfo, MsgWarning, Pound, PoundVarGet, PoundVarSet, ProfileRead, ProfileWrite, RequireReady, SafeZ, SetDebugMode, SettingsCreate, SignalGetHandle, SignalGetState, SignalSetState, Signals, Spindle, ValidateFeedRate, ValidateNumber, WaitIdleOr, WorkOffset, __dlgDepth, __edge]
-- require('ToolLib')
!! require('ToolLib') FAILED: module 'ToolLib' not found:
	no field package.preload['ToolLib']
	no file 'C:\Mach4Hobby\Profiles\BLP\Scripts\Dependencies\ToolLib.txt'
	no file 'C:\Mach4Hobby\Profiles\BLP\Scripts\Dependencies\ToolLib.lua'
	no file 'C:\Mach4Hobby\Profiles\BLP\Scripts\Dependencies\ToolLib.lua'
	no file 'C:\Mach4Hobby\Profiles\BLP\Scripts\Dependencies\ToolLib.txt'
	no file 'C:\Mach4Hobby\lua\ToolLib.lua'
	no file 'C:\Mach4Hobby\lua\ToolLib\init.lua'
	no file 'C:\Mach4Hobby\ToolLib.lua'
	no file 'C:\Mach4Hobby\ToolLib\init.lua'
	no file 'C:\Mach4Hobby\..\share\lua\5.3\ToolLib.lua'
	no file 'C:\Mach4Hobby\..\share\lua\5.3\ToolLib\init.lua'
	no file '.\ToolLib.lua'
	no file '.\ToolLib\init.lua'
	no file 'C:/Mach4Hobby/ZeroBraneStudio/lualibs/mobdebug/ToolLib.lua'
	no file 'C:/Mach4Hobby/Profiles/BLP/Modules/ToolLib.lua'
	no file 'C:/Mach4Hobby/Profiles/BLP/Modules/ToolLib.luac'
	no file 'C:/Mach4Hobby/Profiles/BLP/Modules/ToolLib.mcs'
	no file 'C:/Mach4Hobby/Profiles/BLP/Modules/ToolLib.mcc'
	no file 'C:/Mach4Hobby/Modules/ToolLib.lua'
	no file 'C:/Mach4Hobby/Modules/ToolLib.luac'
	no file 'C:/Mach4Hobby/Modules/ToolLib.mcs'
	no file 'C:/Mach4Hobby/Modules/ToolLib.mcc'
	no file 'C:/Mach4Hobby/Pmc/ToolLib.lua'
	no file 'C:/Mach4Hobby/Pmc/ToolLib.luac'
	no file 'C:/Mach4Hobby/Profiles/BLP/Modules/mcStandard/ToolLib.lua'
	no file 'C:/Mach4Hobby/Modules/mcStandard/ToolLib.lua'
	no file 'C:/Mach4Hobby/Profiles/BLP/Modules/mcStandard/ToolLib.mcs'
	no file 'C:/Mach4Hobby/Modules/mcStandard/ToolLib.mcs'
	no file './Pmc/ToolLib.lua'
	no file './Pmc/ToolLib.luac'
	no file 'C:\Mach4Hobby\ToolLib.dll'
	no file 'C:\Mach4Hobby\..\lib\lua\5.3\ToolLib.dll'
	no file 'C:\Mach4Hobby\loadall.dll'
	no file '.\ToolLib.dll'
	no file 'C:/Mach4Hobby/Profiles/BLP/Modules/ToolLib.dll'
	no file 'C:/Mach4Hobby/Modules/ToolLib.dll'
-- require('AuxLib')
   require('AuxLib') -> table keys=[BindInterlocks, OnEvent, Register, Request, State, Update, __dev, __interlocks]
-- require('UILib')
!! require('UILib') FAILED: module 'UILib' not found:
	no field package.preload['UILib']
	no file 'C:\Mach4Hobby\Profiles\BLP\Scripts\Dependencies\UILib.txt'
	no file 'C:\Mach4Hobby\Profiles\BLP\Scripts\Dependencies\UILib.lua'
	no file 'C:\Mach4Hobby\Profiles\BLP\Scripts\Dependencies\UILib.lua'
	no file 'C:\Mach4Hobby\Profiles\BLP\Scripts\Dependencies\UILib.txt'
	no file 'C:\Mach4Hobby\lua\UILib.lua'
	no file 'C:\Mach4Hobby\lua\UILib\init.lua'
	no file 'C:\Mach4Hobby\UILib.lua'
	no file 'C:\Mach4Hobby\UILib\init.lua'
	no file 'C:\Mach4Hobby\..\share\lua\5.3\UILib.lua'
	no file 'C:\Mach4Hobby\..\share\lua\5.3\UILib\init.lua'
	no file '.\UILib.lua'
	no file '.\UILib\init.lua'
	no file 'C:/Mach4Hobby/ZeroBraneStudio/lualibs/mobdebug/UILib.lua'
	no file 'C:/Mach4Hobby/Profiles/BLP/Modules/UILib.lua'
	no file 'C:/Mach4Hobby/Profiles/BLP/Modules/UILib.luac'
	no file 'C:/Mach4Hobby/Profiles/BLP/Modules/UILib.mcs'
	no file 'C:/Mach4Hobby/Profiles/BLP/Modules/UILib.mcc'
	no file 'C:/Mach4Hobby/Modules/UILib.lua'
	no file 'C:/Mach4Hobby/Modules/UILib.luac'
	no file 'C:/Mach4Hobby/Modules/UILib.mcs'
	no file 'C:/Mach4Hobby/Modules/UILib.mcc'
	no file 'C:/Mach4Hobby/Pmc/UILib.lua'
	no file 'C:/Mach4Hobby/Pmc/UILib.luac'
	no file 'C:/Mach4Hobby/Profiles/BLP/Modules/mcStandard/UILib.lua'
	no file 'C:/Mach4Hobby/Modules/mcStandard/UILib.lua'
	no file 'C:/Mach4Hobby/Profiles/BLP/Modules/mcStandard/UILib.mcs'
	no file 'C:/Mach4Hobby/Modules/mcStandard/UILib.mcs'
	no file './Pmc/UILib.lua'
	no file './Pmc/UILib.luac'
	no file 'C:\Mach4Hobby\UILib.dll'
	no file 'C:\Mach4Hobby\..\lib\lua\5.3\UILib.dll'
	no file 'C:\Mach4Hobby\loadall.dll'
	no file '.\UILib.dll'
	no file 'C:/Mach4Hobby/Profiles/BLP/Modules/UILib.dll'
	no file 'C:/Mach4Hobby/Modules/UILib.dll'
-- require('SystemLib')
   require('SystemLib') -> table keys=[Await, BuildMove, CNC, CapturePosition, CheckHoming, CheckSoftLimits, Coroutine, Dialogs, Edge, Errors, Files, FormatSeconds, G68, G68Active, GenerateDiagnostics, GetLogBuffer, GetMaxTravel, InCycle, Init, IsDebugMode, ..., MDIExec, MachineEnabled, MachineState, Modals, MsgConfirm, MsgError, MsgInfo, MsgWarning, Pound, PoundVarGet, PoundVarSet, ProfileRead, ProfileWrite, RequireReady, SafeZ, SetDebugMode, SettingsCreate, SignalGetHandle, SignalGetState, SignalSetState, Signals, Spindle, ValidateFeedRate, ValidateNumber, WaitIdleOr, WorkOffset, __dlgDepth, __edge]
-- require('ToolLib')
!! require('ToolLib') FAILED: module 'ToolLib' not found:
	no field package.preload['ToolLib']
	no file 'C:\Mach4Hobby\Profiles\BLP\Scripts\Dependencies\ToolLib.txt'
	no file 'C:\Mach4Hobby\Profiles\BLP\Scripts\Dependencies\ToolLib.lua'
	no file 'C:\Mach4Hobby\Profiles\BLP\Scripts\Dependencies\ToolLib.lua'
	no file 'C:\Mach4Hobby\Profiles\BLP\Scripts\Dependencies\ToolLib.txt'
	no file 'C:\Mach4Hobby\lua\ToolLib.lua'
	no file 'C:\Mach4Hobby\lua\ToolLib\init.lua'
	no file 'C:\Mach4Hobby\ToolLib.lua'
	no file 'C:\Mach4Hobby\ToolLib\init.lua'
	no file 'C:\Mach4Hobby\..\share\lua\5.3\ToolLib.lua'
	no file 'C:\Mach4Hobby\..\share\lua\5.3\ToolLib\init.lua'
	no file '.\ToolLib.lua'
	no file '.\ToolLib\init.lua'
	no file 'C:/Mach4Hobby/ZeroBraneStudio/lualibs/mobdebug/ToolLib.lua'
	no file 'C:/Mach4Hobby/Profiles/BLP/Modules/ToolLib.lua'
	no file 'C:/Mach4Hobby/Profiles/BLP/Modules/ToolLib.luac'
	no file 'C:/Mach4Hobby/Profiles/BLP/Modules/ToolLib.mcs'
	no file 'C:/Mach4Hobby/Profiles/BLP/Modules/ToolLib.mcc'
	no file 'C:/Mach4Hobby/Modules/ToolLib.lua'
	no file 'C:/Mach4Hobby/Modules/ToolLib.luac'
	no file 'C:/Mach4Hobby/Modules/ToolLib.mcs'
	no file 'C:/Mach4Hobby/Modules/ToolLib.mcc'
	no file 'C:/Mach4Hobby/Pmc/ToolLib.lua'
	no file 'C:/Mach4Hobby/Pmc/ToolLib.luac'
	no file 'C:/Mach4Hobby/Profiles/BLP/Modules/mcStandard/ToolLib.lua'
	no file 'C:/Mach4Hobby/Modules/mcStandard/ToolLib.lua'
	no file 'C:/Mach4Hobby/Profiles/BLP/Modules/mcStandard/ToolLib.mcs'
	no file 'C:/Mach4Hobby/Modules/mcStandard/ToolLib.mcs'
	no file './Pmc/ToolLib.lua'
	no file './Pmc/ToolLib.luac'
	no file 'C:\Mach4Hobby\ToolLib.dll'
	no file 'C:\Mach4Hobby\..\lib\lua\5.3\ToolLib.dll'
	no file 'C:\Mach4Hobby\loadall.dll'
	no file '.\ToolLib.dll'
	no file 'C:/Mach4Hobby/Profiles/BLP/Modules/ToolLib.dll'
	no file 'C:/Mach4Hobby/Modules/ToolLib.dll'
-- require('UILib')
!! require('UILib') FAILED: module 'UILib' not found:
	no field package.preload['UILib']
	no file 'C:\Mach4Hobby\Profiles\BLP\Scripts\Dependencies\UILib.txt'
	no file 'C:\Mach4Hobby\Profiles\BLP\Scripts\Dependencies\UILib.lua'
	no file 'C:\Mach4Hobby\Profiles\BLP\Scripts\Dependencies\UILib.lua'
	no file 'C:\Mach4Hobby\Profiles\BLP\Scripts\Dependencies\UILib.txt'
	no file 'C:\Mach4Hobby\lua\UILib.lua'
	no file 'C:\Mach4Hobby\lua\UILib\init.lua'
	no file 'C:\Mach4Hobby\UILib.lua'
	no file 'C:\Mach4Hobby\UILib\init.lua'
	no file 'C:\Mach4Hobby\..\share\lua\5.3\UILib.lua'
	no file 'C:\Mach4Hobby\..\share\lua\5.3\UILib\init.lua'
	no file '.\UILib.lua'
	no file '.\UILib\init.lua'
	no file 'C:/Mach4Hobby/ZeroBraneStudio/lualibs/mobdebug/UILib.lua'
	no file 'C:/Mach4Hobby/Profiles/BLP/Modules/UILib.lua'
	no file 'C:/Mach4Hobby/Profiles/BLP/Modules/UILib.luac'
	no file 'C:/Mach4Hobby/Profiles/BLP/Modules/UILib.mcs'
	no file 'C:/Mach4Hobby/Profiles/BLP/Modules/UILib.mcc'
	no file 'C:/Mach4Hobby/Modules/UILib.lua'
	no file 'C:/Mach4Hobby/Modules/UILib.luac'
	no file 'C:/Mach4Hobby/Modules/UILib.mcs'
	no file 'C:/Mach4Hobby/Modules/UILib.mcc'
	no file 'C:/Mach4Hobby/Pmc/UILib.lua'
	no file 'C:/Mach4Hobby/Pmc/UILib.luac'
	no file 'C:/Mach4Hobby/Profiles/BLP/Modules/mcStandard/UILib.lua'
	no file 'C:/Mach4Hobby/Modules/mcStandard/UILib.lua'
	no file 'C:/Mach4Hobby/Profiles/BLP/Modules/mcStandard/UILib.mcs'
	no file 'C:/Mach4Hobby/Modules/mcStandard/UILib.mcs'
	no file './Pmc/UILib.lua'
	no file './Pmc/UILib.luac'
	no file 'C:\Mach4Hobby\UILib.dll'
	no file 'C:\Mach4Hobby\..\lib\lua\5.3\UILib.dll'
	no file 'C:\Mach4Hobby\loadall.dll'
	no file '.\UILib.dll'
	no file 'C:/Mach4Hobby/Profiles/BLP/Modules/UILib.dll'
	no file 'C:/Mach4Hobby/Modules/UILib.dll'
-- require('mcRegister')
   returning STUB for 'mcRegister'
-- require('mcErrorCheck')
   returning STUB for 'mcErrorCheck'
-- require('mcTrace')
   returning STUB for 'mcTrace'
PROXY ERROR wx.wxSize(...) (forcing Lua error)
!! RUNTIME ERROR:
[string "C:\Mach4Hobby\Profiles\BLP\Scripts\System\Scr..."]:557: PROXY_wx:wxSize
stack traceback:
	[C]: in function 'error'
	C:\Mach4Hobby\ScreenScript.lua:68: in field 'wxSize'
	[string "C:\Mach4Hobby\Profiles\BLP\Scripts\System\Scr..."]:557: in function <[string "C:\Mach4Hobby\Profiles\BLP\Scripts\System\Scr..."]:1>
	[C]: in function 'xpcall'
	C:\Mach4Hobby\ScreenScript.lua:159: in main chunk
FAILED: see RUNTIME ERROR above
==== REQUIRE TRAP DONE ====
