==== ULTRA DEBUG 2025-09-01 19:00:06 ====
ROOT=C:\Mach4Hobby\Profiles\BLP\Scripts
DEPS=C:\Mach4Hobby\Profiles\BLP\Scripts\Dependencies
SYS =C:\Mach4Hobby\Profiles\BLP\Scripts\System
SL  =C:\Mach4Hobby\Profiles\BLP\Scripts\System\ScreenLoad.txt
package.path:
C:\Mach4Hobby\Profiles\BLP\Scripts\Dependencies\?.lua;C:\Mach4Hobby\Profiles\BLP\Scripts\Dependencies\?.txt;C:\Mach4Hobby\lua\?.lua;C:\Mach4Hobby\lua\?\init.lua;C:\Mach4Hobby\?.lua;C:\Mach4Hobby\?\init.lua;C:\Mach4Hobby\..\share\lua\5.3\?.lua;C:\Mach4Hobby\..\share\lua\5.3\?\init.lua;.\?.lua;.\?\init.lua;C:/Mach4Hobby/ZeroBraneStudio/lualibs/mobdebug/?.lua;C:/Mach4Hobby/Profiles/BLP/Modules/?.lua;C:/Mach4Hobby/Profiles/BLP/Modules/?.luac;C:/Mach4Hobby/Profiles/BLP/Modules/?.mcs;C:/Mach4Hobby/Profiles/BLP/Modules/?.mcc;C:/Mach4Hobby/Modules/?.lua;C:/Mach4Hobby/Modules/?.luac;C:/Mach4Hobby/Modules/?.mcs;C:/Mach4Hobby/Modules/?.mcc;C:/Mach4Hobby/Pmc/?.lua;C:/Mach4Hobby/Pmc/?.luac;C:/Mach4Hobby/Profiles/BLP/Modules/mcStandard/?.lua;C:/Mach4Hobby/Modules/mcStandard/?.lua;C:/Mach4Hobby/Profiles/BLP/Modules/mcStandard/?.mcs;C:/Mach4Hobby/Modules/mcStandard/?.mcs;./Pmc/?.lua;./Pmc/?.luac
!! SYNTAX ERROR in C:\Mach4Hobby\Profiles\BLP\Scripts\Dependencies\SystemLib.txt
cannot open C:\Mach4Hobby\Profiles\BLP\Scripts\Dependencies\SystemLib.txt: No such file or directory
!! SYNTAX ERROR in C:\Mach4Hobby\Profiles\BLP\Scripts\Dependencies\ToolLib.txt
cannot open C:\Mach4Hobby\Profiles\BLP\Scripts\Dependencies\ToolLib.txt: No such file or directory
!! SYNTAX ERROR in C:\Mach4Hobby\Profiles\BLP\Scripts\Dependencies\AuxLib.txt
cannot open C:\Mach4Hobby\Profiles\BLP\Scripts\Dependencies\AuxLib.txt: No such file or directory
!! SYNTAX ERROR in C:\Mach4Hobby\Profiles\BLP\Scripts\Dependencies\UILib.txt
cannot open C:\Mach4Hobby\Profiles\BLP\Scripts\Dependencies\UILib.txt: No such file or directory
!! require 'SystemLib' failed: module 'SystemLib' not found:
	no field package.preload['SystemLib']
	no file 'C:\Mach4Hobby\Profiles\BLP\Scripts\Dependencies\SystemLib.lua'
	no file 'C:\Mach4Hobby\Profiles\BLP\Scripts\Dependencies\SystemLib.txt'
	no file 'C:\Mach4Hobby\lua\SystemLib.lua'
	no file 'C:\Mach4Hobby\lua\SystemLib\init.lua'
	no file 'C:\Mach4Hobby\SystemLib.lua'
	no file 'C:\Mach4Hobby\SystemLib\init.lua'
	no file 'C:\Mach4Hobby\..\share\lua\5.3\SystemLib.lua'
	no file 'C:\Mach4Hobby\..\share\lua\5.3\SystemLib\init.lua'
	no file '.\SystemLib.lua'
	no file '.\SystemLib\init.lua'
	no file 'C:/Mach4Hobby/ZeroBraneStudio/lualibs/mobdebug/SystemLib.lua'
	no file 'C:/Mach4Hobby/Profiles/BLP/Modules/SystemLib.lua'
	no file 'C:/Mach4Hobby/Profiles/BLP/Modules/SystemLib.luac'
	no file 'C:/Mach4Hobby/Profiles/BLP/Modules/SystemLib.mcs'
	no file 'C:/Mach4Hobby/Profiles/BLP/Modules/SystemLib.mcc'
	no file 'C:/Mach4Hobby/Modules/SystemLib.lua'
	no file 'C:/Mach4Hobby/Modules/SystemLib.luac'
	no file 'C:/Mach4Hobby/Modules/SystemLib.mcs'
	no file 'C:/Mach4Hobby/Modules/SystemLib.mcc'
	no file 'C:/Mach4Hobby/Pmc/SystemLib.lua'
	no file 'C:/Mach4Hobby/Pmc/SystemLib.luac'
	no file 'C:/Mach4Hobby/Profiles/BLP/Modules/mcStandard/SystemLib.lua'
	no file 'C:/Mach4Hobby/Modules/mcStandard/SystemLib.lua'
	no file 'C:/Mach4Hobby/Profiles/BLP/Modules/mcStandard/SystemLib.mcs'
	no file 'C:/Mach4Hobby/Modules/mcStandard/SystemLib.mcs'
	no file './Pmc/SystemLib.lua'
	no file './Pmc/SystemLib.luac'
	no file 'C:\Mach4Hobby\SystemLib.dll'
	no file 'C:\Mach4Hobby\..\lib\lua\5.3\SystemLib.dll'
	no file 'C:\Mach4Hobby\loadall.dll'
	no file '.\SystemLib.dll'
	no file 'C:/Mach4Hobby/Profiles/BLP/Modules/SystemLib.dll'
	no file 'C:/Mach4Hobby/Modules/SystemLib.dll'
!! require 'ToolLib' failed: module 'ToolLib' not found:
	no field package.preload['ToolLib']
	no file 'C:\Mach4Hobby\Profiles\BLP\Scripts\Dependencies\ToolLib.lua'
	no file 'C:\Mach4Hobby\Profiles\BLP\Scripts\Dependencies\ToolLib.txt'
	no file 'C:\Mach4Hobby\lua\ToolLib.lua'
	no file 'C:\Mach4Hobby\lua\ToolLib\init.lua'
	no file 'C:\Mach4Hobby\ToolLib.lua'
	no file 'C:\Mach4Hobby\ToolLib\init.lua'
	no file 'C:\Mach4Hobby\..\share\lua\5.3\ToolLib.lua'
	no file 'C:\Mach4Hobby\..\share\lua\5.3\ToolLib\init.lua'
	no file '.\ToolLib.lua'
	no file '.\ToolLib\init.lua'
	no file 'C:/Mach4Hobby/ZeroBraneStudio/lualibs/mobdebug/ToolLib.lua'
	no file 'C:/Mach4Hobby/Profiles/BLP/Modules/ToolLib.lua'
	no file 'C:/Mach4Hobby/Profiles/BLP/Modules/ToolLib.luac'
	no file 'C:/Mach4Hobby/Profiles/BLP/Modules/ToolLib.mcs'
	no file 'C:/Mach4Hobby/Profiles/BLP/Modules/ToolLib.mcc'
	no file 'C:/Mach4Hobby/Modules/ToolLib.lua'
	no file 'C:/Mach4Hobby/Modules/ToolLib.luac'
	no file 'C:/Mach4Hobby/Modules/ToolLib.mcs'
	no file 'C:/Mach4Hobby/Modules/ToolLib.mcc'
	no file 'C:/Mach4Hobby/Pmc/ToolLib.lua'
	no file 'C:/Mach4Hobby/Pmc/ToolLib.luac'
	no file 'C:/Mach4Hobby/Profiles/BLP/Modules/mcStandard/ToolLib.lua'
	no file 'C:/Mach4Hobby/Modules/mcStandard/ToolLib.lua'
	no file 'C:/Mach4Hobby/Profiles/BLP/Modules/mcStandard/ToolLib.mcs'
	no file 'C:/Mach4Hobby/Modules/mcStandard/ToolLib.mcs'
	no file './Pmc/ToolLib.lua'
	no file './Pmc/ToolLib.luac'
	no file 'C:\Mach4Hobby\ToolLib.dll'
	no file 'C:\Mach4Hobby\..\lib\lua\5.3\ToolLib.dll'
	no file 'C:\Mach4Hobby\loadall.dll'
	no file '.\ToolLib.dll'
	no file 'C:/Mach4Hobby/Profiles/BLP/Modules/ToolLib.dll'
	no file 'C:/Mach4Hobby/Modules/ToolLib.dll'
!! require 'AuxLib' failed: module 'AuxLib' not found:
	no field package.preload['AuxLib']
	no file 'C:\Mach4Hobby\Profiles\BLP\Scripts\Dependencies\AuxLib.lua'
	no file 'C:\Mach4Hobby\Profiles\BLP\Scripts\Dependencies\AuxLib.txt'
	no file 'C:\Mach4Hobby\lua\AuxLib.lua'
	no file 'C:\Mach4Hobby\lua\AuxLib\init.lua'
	no file 'C:\Mach4Hobby\AuxLib.lua'
	no file 'C:\Mach4Hobby\AuxLib\init.lua'
	no file 'C:\Mach4Hobby\..\share\lua\5.3\AuxLib.lua'
	no file 'C:\Mach4Hobby\..\share\lua\5.3\AuxLib\init.lua'
	no file '.\AuxLib.lua'
	no file '.\AuxLib\init.lua'
	no file 'C:/Mach4Hobby/ZeroBraneStudio/lualibs/mobdebug/AuxLib.lua'
	no file 'C:/Mach4Hobby/Profiles/BLP/Modules/AuxLib.lua'
	no file 'C:/Mach4Hobby/Profiles/BLP/Modules/AuxLib.luac'
	no file 'C:/Mach4Hobby/Profiles/BLP/Modules/AuxLib.mcs'
	no file 'C:/Mach4Hobby/Profiles/BLP/Modules/AuxLib.mcc'
	no file 'C:/Mach4Hobby/Modules/AuxLib.lua'
	no file 'C:/Mach4Hobby/Modules/AuxLib.luac'
	no file 'C:/Mach4Hobby/Modules/AuxLib.mcs'
	no file 'C:/Mach4Hobby/Modules/AuxLib.mcc'
	no file 'C:/Mach4Hobby/Pmc/AuxLib.lua'
	no file 'C:/Mach4Hobby/Pmc/AuxLib.luac'
	no file 'C:/Mach4Hobby/Profiles/BLP/Modules/mcStandard/AuxLib.lua'
	no file 'C:/Mach4Hobby/Modules/mcStandard/AuxLib.lua'
	no file 'C:/Mach4Hobby/Profiles/BLP/Modules/mcStandard/AuxLib.mcs'
	no file 'C:/Mach4Hobby/Modules/mcStandard/AuxLib.mcs'
	no file './Pmc/AuxLib.lua'
	no file './Pmc/AuxLib.luac'
	no file 'C:\Mach4Hobby\AuxLib.dll'
	no file 'C:\Mach4Hobby\..\lib\lua\5.3\AuxLib.dll'
	no file 'C:\Mach4Hobby\loadall.dll'
	no file '.\AuxLib.dll'
	no file 'C:/Mach4Hobby/Profiles/BLP/Modules/AuxLib.dll'
	no file 'C:/Mach4Hobby/Modules/AuxLib.dll'
!! require 'UILib' failed: module 'UILib' not found:
	no field package.preload['UILib']
	no file 'C:\Mach4Hobby\Profiles\BLP\Scripts\Dependencies\UILib.lua'
	no file 'C:\Mach4Hobby\Profiles\BLP\Scripts\Dependencies\UILib.txt'
	no file 'C:\Mach4Hobby\lua\UILib.lua'
	no file 'C:\Mach4Hobby\lua\UILib\init.lua'
	no file 'C:\Mach4Hobby\UILib.lua'
	no file 'C:\Mach4Hobby\UILib\init.lua'
	no file 'C:\Mach4Hobby\..\share\lua\5.3\UILib.lua'
	no file 'C:\Mach4Hobby\..\share\lua\5.3\UILib\init.lua'
	no file '.\UILib.lua'
	no file '.\UILib\init.lua'
	no file 'C:/Mach4Hobby/ZeroBraneStudio/lualibs/mobdebug/UILib.lua'
	no file 'C:/Mach4Hobby/Profiles/BLP/Modules/UILib.lua'
	no file 'C:/Mach4Hobby/Profiles/BLP/Modules/UILib.luac'
	no file 'C:/Mach4Hobby/Profiles/BLP/Modules/UILib.mcs'
	no file 'C:/Mach4Hobby/Profiles/BLP/Modules/UILib.mcc'
	no file 'C:/Mach4Hobby/Modules/UILib.lua'
	no file 'C:/Mach4Hobby/Modules/UILib.luac'
	no file 'C:/Mach4Hobby/Modules/UILib.mcs'
	no file 'C:/Mach4Hobby/Modules/UILib.mcc'
	no file 'C:/Mach4Hobby/Pmc/UILib.lua'
	no file 'C:/Mach4Hobby/Pmc/UILib.luac'
	no file 'C:/Mach4Hobby/Profiles/BLP/Modules/mcStandard/UILib.lua'
	no file 'C:/Mach4Hobby/Modules/mcStandard/UILib.lua'
	no file 'C:/Mach4Hobby/Profiles/BLP/Modules/mcStandard/UILib.mcs'
	no file 'C:/Mach4Hobby/Modules/mcStandard/UILib.mcs'
	no file './Pmc/UILib.lua'
	no file './Pmc/UILib.luac'
	no file 'C:\Mach4Hobby\UILib.dll'
	no file 'C:\Mach4Hobby\..\lib\lua\5.3\UILib.dll'
	no file 'C:\Mach4Hobby\loadall.dll'
	no file '.\UILib.dll'
	no file 'C:/Mach4Hobby/Profiles/BLP/Modules/UILib.dll'
	no file 'C:/Mach4Hobby/Modules/UILib.dll'
-- Loaded ScreenLoad.txt: 25062 bytes
-- Static scan: wx.* on lines: 229, 231, 233, 268, 318, 556, 557, 558, 566, 567, 568, 569
-- Static scan: scr.* on lines: 151, 152, 153, 159, 160, 161, 167, 168, 169, 199, 200, 204, 205, 275, 332, 333, 334, 341, 343, 419, 420, 421, 502, 503, 504, 505, 533, 538, 546, 549
-- Built chunk function ok
PROXY ERROR wx.wxSize(0, 0) (forcing Lua error to capture call site)
!! RUNTIME ERROR:
[string "C:\Mach4Hobby\Profiles\BLP\Scripts\System\Scr..."]:557: PROXY_wx:wxSize
stack traceback:
	[C]: in function 'error'
	C:\Mach4Hobby\ScreenScript.lua:154: in field 'wxSize'
	[string "C:\Mach4Hobby\Profiles\BLP\Scripts\System\Scr..."]:557: in function <[string "C:\Mach4Hobby\Profiles\BLP\Scripts\System\Scr..."]:1>
	[C]: in function 'xpcall'
	C:\Mach4Hobby\ScreenScript.lua:228: in main chunk
-- Last 25 executed lines: 156, 156, 148, 142, 143, 153, 54, 56, 216, 53, 55, 219, 220, 220, 220, 220, 220, 220, 220, 220, 220, 220, 220, 220, 220
FAILED: see RUNTIME ERROR above
TRACE line 3 -> 1 hits
TRACE line 4 -> 1 hits
TRACE line 5 -> 1 hits
TRACE line 6 -> 2 hits
TRACE line 7 -> 2 hits
TRACE line 8 -> 2 hits
TRACE line 9 -> 1 hits
TRACE line 10 -> 2 hits
TRACE line 11 -> 1 hits
TRACE line 12 -> 6 hits
TRACE line 13 -> 5 hits
TRACE line 14 -> 5 hits
TRACE line 15 -> 5 hits
TRACE line 16 -> 1 hits
TRACE line 17 -> 1 hits
TRACE line 18 -> 2 hits
TRACE line 19 -> 1 hits
TRACE line 20 -> 1 hits
TRACE line 21 -> 2 hits
TRACE line 22 -> 2 hits
TRACE line 23 -> 2 hits
TRACE line 24 -> 2 hits
TRACE line 25 -> 1 hits
TRACE line 26 -> 1 hits
TRACE line 27 -> 2 hits
TRACE line 28 -> 2 hits
TRACE line 29 -> 1 hits
TRACE line 30 -> 1 hits
TRACE line 31 -> 1 hits
TRACE line 32 -> 1 hits
TRACE line 33 -> 1 hits
TRACE line 34 -> 1 hits
TRACE line 35 -> 1 hits
TRACE line 36 -> 1 hits
TRACE line 37 -> 1 hits
TRACE line 38 -> 1 hits
TRACE line 39 -> 1 hits
TRACE line 40 -> 1 hits
TRACE line 41 -> 1 hits
TRACE line 42 -> 1 hits
TRACE line 43 -> 1 hits
TRACE line 44 -> 1 hits
TRACE line 45 -> 2 hits
TRACE line 46 -> 2 hits
TRACE line 47 -> 2 hits
TRACE line 48 -> 2 hits
TRACE line 49 -> 2 hits
TRACE line 50 -> 2 hits
TRACE line 51 -> 2 hits
TRACE line 52 -> 2 hits
TRACE line 53 -> 5 hits
TRACE line 54 -> 4 hits
TRACE line 55 -> 4 hits
TRACE line 56 -> 5 hits
TRACE line 57 -> 1 hits
TRACE line 58 -> 1 hits
TRACE line 59 -> 2 hits
TRACE line 61 -> 6 hits
TRACE line 62 -> 5 hits
TRACE line 63 -> 4 hits
TRACE line 64 -> 5 hits
TRACE line 66 -> 1 hits
TRACE line 67 -> 1 hits
TRACE line 69 -> 1 hits
TRACE line 70 -> 1 hits
TRACE line 71 -> 1 hits
TRACE line 72 -> 1 hits
TRACE line 74 -> 1 hits
TRACE line 77 -> 1 hits
TRACE line 80 -> 2 hits
TRACE line 82 -> 1 hits
TRACE line 89 -> 1 hits
TRACE line 90 -> 1 hits
TRACE line 91 -> 1 hits
TRACE line 99 -> 1 hits
TRACE line 101 -> 1 hits
TRACE line 106 -> 1 hits
TRACE line 108 -> 1 hits
TRACE line 113 -> 1 hits
TRACE line 115 -> 2 hits
TRACE line 116 -> 1 hits
TRACE line 124 -> 1 hits
TRACE line 126 -> 1 hits
TRACE line 128 -> 1 hits
TRACE line 130 -> 1 hits
TRACE line 515 -> 1 hits
TRACE line 517 -> 2 hits
TRACE line 134 -> 1 hits
TRACE line 135 -> 1 hits
TRACE line 264 -> 1 hits
TRACE line 137 -> 2 hits
TRACE line 139 -> 1 hits
TRACE line 268 -> 1 hits
TRACE line 141 -> 1 hits
TRACE line 142 -> 3 hits
TRACE line 527 -> 2 hits
TRACE line 531 -> 1 hits
TRACE line 148 -> 2 hits
TRACE line 277 -> 1 hits
TRACE line 150 -> 1 hits
TRACE line 281 -> 1 hits
TRACE line 154 -> 1 hits
TRACE line 156 -> 6 hits
TRACE line 158 -> 1 hits
TRACE line 543 -> 1 hits
TRACE line 288 -> 1 hits
TRACE line 292 -> 1 hits
TRACE line 166 -> 1 hits
TRACE line 423 -> 1 hits
TRACE line 173 -> 1 hits
TRACE line 174 -> 1 hits
TRACE line 180 -> 1 hits
TRACE line 181 -> 1 hits
TRACE line 310 -> 1 hits
TRACE line 314 -> 1 hits
TRACE line 443 -> 3 hits
TRACE line 444 -> 3 hits
TRACE line 445 -> 1 hits
TRACE line 446 -> 1 hits
TRACE line 191 -> 1 hits
TRACE line 448 -> 2 hits
TRACE line 449 -> 1 hits
TRACE line 451 -> 1 hits
TRACE line 324 -> 1 hits
TRACE line 453 -> 1 hits
TRACE line 327 -> 1 hits
TRACE line 458 -> 1 hits
TRACE line 331 -> 1 hits
TRACE line 209 -> 1 hits
TRACE line 213 -> 1 hits
TRACE line 216 -> 1 hits
TRACE line 217 -> 1 hits
TRACE line 219 -> 1 hits
TRACE line 220 -> 27 hits
TRACE line 221 -> 1 hits
TRACE line 143 -> 1 hits
TRACE line 223 -> 1 hits
TRACE line 224 -> 1 hits
TRACE line 353 -> 1 hits
TRACE line 153 -> 1 hits
TRACE line 149 -> 1 hits
TRACE line 228 -> 1 hits
TRACE line 229 -> 1 hits
TRACE line 557 -> 1 hits
TRACE line 487 -> 1 hits
TRACE line 551 -> 1 hits
TRACE line 542 -> 1 hits
TRACE line 362 -> 1 hits
TRACE line 491 -> 1 hits
TRACE line 540 -> 1 hits
TRACE line 534 -> 1 hits
TRACE line 238 -> 1 hits
TRACE line 367 -> 1 hits
TRACE line 368 -> 1 hits
TRACE line 525 -> 1 hits
TRACE line 242 -> 1 hits
TRACE line 521 -> 2 hits
TRACE line 372 -> 1 hits
TRACE line 320 -> 1 hits
TRACE line 452 -> 1 hits
TRACE line 519 -> 1 hits
TRACE line 186 -> 1 hits
TRACE line 366 -> 1 hits
TRACE line 348 -> 1 hits
TRACE line 251 -> 1 hits
TRACE line 164 -> 1 hits
TRACE line 509 -> 1 hits
TRACE line 187 -> 1 hits
TRACE line 255 -> 1 hits
-- New globals added by ScreenLoad: UI
==== ULTRA DEBUG DONE ====
